AutoDock Vina v1.2.5
#################################################################
# If you used AutoDock Vina in your work, please cite:          #
#                                                               #
# J. Eberhardt, D. Santos-Martins, A. F. Tillack, and S. Forli  #
# AutoDock Vina 1.2.0: New Docking Methods, Expanded Force      #
# Field, and Python Bindings, J. Chem. Inf. Model. (2021)       #
# DOI 10.1021/acs.jcim.1c00203                                  #
#                                                               #
# O. Trott, A. J. Olson,                                        #
# AutoDock Vina: improving the speed and accuracy of docking    #
# with a new scoring function, efficient optimization and       #
# multithreading, J. Comp. Chem. (2010)                         #
# DOI 10.1002/jcc.21334                                         #
#                                                               #
# Please see https://github.com/ccsb-scripps/AutoDock-Vina for  #
# more information.                                             #
#################################################################

Scoring function : vina
Rigid receptor: vina_protein_prep_files/final_1h1q_protein.pdbqt
Ligand: vina_docking_files_for_300ligands/ligand_1270.pdbqt
Grid center: X 6.145 Y 44.176 Z 50.828
Grid size  : X 15.75 Y 15.75 Z 15.75
Grid space : 0.375
Exhaustiveness: 16
CPU: 0
Verbosity: 1

Computing Vina grid ... done.
Performing docking (random seed: 565437128) ... 
0%   10   20   30   40   50   60   70   80   90   100%
|----|----|----|----|----|----|----|----|----|----|
***************************************************

mode |   affinity | dist from best mode
     | (kcal/mol) | rmsd l.b.| rmsd u.b.
-----+------------+----------+----------
   1       -9.895          0          0
   2       -9.636      1.562       4.49
   3       -9.567      1.753        6.3
   4       -9.453      2.005      5.388
   5       -9.304      2.479       6.59
   6       -9.267      1.508      4.717
   7       -8.941      2.383      4.982
   8       -8.681      1.963      5.175
   9       -8.587      2.216      6.906
