AutoDock Vina v1.2.5
#################################################################
# If you used AutoDock Vina in your work, please cite:          #
#                                                               #
# J. Eberhardt, D. Santos-Martins, A. F. Tillack, and S. Forli  #
# AutoDock Vina 1.2.0: New Docking Methods, Expanded Force      #
# Field, and Python Bindings, J. Chem. Inf. Model. (2021)       #
# DOI 10.1021/acs.jcim.1c00203                                  #
#                                                               #
# O. Trott, A. J. Olson,                                        #
# AutoDock Vina: improving the speed and accuracy of docking    #
# with a new scoring function, efficient optimization and       #
# multithreading, J. Comp. Chem. (2010)                         #
# DOI 10.1002/jcc.21334                                         #
#                                                               #
# Please see https://github.com/ccsb-scripps/AutoDock-Vina for  #
# more information.                                             #
#################################################################

Scoring function : vina
Rigid receptor: final_1h1q_protein.pdbqt
Ligand: vina_docking_files_for_300ligands/ligand_484.pdbqt
Grid center: X 6.145 Y 44.176 Z 50.828
Grid size  : X 15.75 Y 15.75 Z 15.75
Grid space : 0.375
Exhaustiveness: 16
CPU: 0
Verbosity: 1

Computing Vina grid ... done.
Performing docking (random seed: -1465826501) ... 
0%   10   20   30   40   50   60   70   80   90   100%
|----|----|----|----|----|----|----|----|----|----|
***************************************************

mode |   affinity | dist from best mode
     | (kcal/mol) | rmsd l.b.| rmsd u.b.
-----+------------+----------+----------
   1       -9.554          0          0
   2       -9.283      1.169      2.029
   3       -8.874      2.554      7.742
   4        -8.72      2.809      7.819
   5       -8.672      2.476      4.962
   6       -8.571      2.529      7.288
   7       -8.376      2.048      4.174
   8        -8.35      2.307      4.293
   9       -8.328      1.875      4.709
