AutoDock Vina v1.2.5
#################################################################
# If you used AutoDock Vina in your work, please cite:          #
#                                                               #
# J. Eberhardt, D. Santos-Martins, A. F. Tillack, and S. Forli  #
# AutoDock Vina 1.2.0: New Docking Methods, Expanded Force      #
# Field, and Python Bindings, J. Chem. Inf. Model. (2021)       #
# DOI 10.1021/acs.jcim.1c00203                                  #
#                                                               #
# O. Trott, A. J. Olson,                                        #
# AutoDock Vina: improving the speed and accuracy of docking    #
# with a new scoring function, efficient optimization and       #
# multithreading, J. Comp. Chem. (2010)                         #
# DOI 10.1002/jcc.21334                                         #
#                                                               #
# Please see https://github.com/ccsb-scripps/AutoDock-Vina for  #
# more information.                                             #
#################################################################

Scoring function : vina
Rigid receptor: final_1h1q_protein.pdbqt
Ligand: vina_docking_files_for_300ligands/ligand_1110.pdbqt
Grid center: X 6.145 Y 44.176 Z 50.828
Grid size  : X 15.75 Y 15.75 Z 15.75
Grid space : 0.375
Exhaustiveness: 16
CPU: 0
Verbosity: 1

Computing Vina grid ... done.
Performing docking (random seed: 144092238) ... 
0%   10   20   30   40   50   60   70   80   90   100%
|----|----|----|----|----|----|----|----|----|----|
***************************************************

mode |   affinity | dist from best mode
     | (kcal/mol) | rmsd l.b.| rmsd u.b.
-----+------------+----------+----------
   1       -9.488          0          0
   2        -8.28      2.861       4.78
   3       -8.123      1.806      4.491
   4       -7.916      3.815      7.942
   5       -7.634      4.061      7.248
   6       -7.596      4.361      7.591
   7       -7.533      2.795      5.696
   8       -7.097      3.185      7.587
   9       -7.067      2.545      3.759
