AutoDock Vina v1.2.5
#################################################################
# If you used AutoDock Vina in your work, please cite:          #
#                                                               #
# J. Eberhardt, D. Santos-Martins, A. F. Tillack, and S. Forli  #
# AutoDock Vina 1.2.0: New Docking Methods, Expanded Force      #
# Field, and Python Bindings, J. Chem. Inf. Model. (2021)       #
# DOI 10.1021/acs.jcim.1c00203                                  #
#                                                               #
# O. Trott, A. J. Olson,                                        #
# AutoDock Vina: improving the speed and accuracy of docking    #
# with a new scoring function, efficient optimization and       #
# multithreading, J. Comp. Chem. (2010)                         #
# DOI 10.1002/jcc.21334                                         #
#                                                               #
# Please see https://github.com/ccsb-scripps/AutoDock-Vina for  #
# more information.                                             #
#################################################################

Scoring function : vina
Rigid receptor: vina_protein_prep_files/final_1h1q_protein.pdbqt
Ligand: vina_docking_files_for_300ligands/ligand_657.pdbqt
Grid center: X 6.145 Y 44.176 Z 50.828
Grid size  : X 15.75 Y 15.75 Z 15.75
Grid space : 0.375
Exhaustiveness: 16
CPU: 0
Verbosity: 1

Computing Vina grid ... done.
Performing docking (random seed: -1696426511) ... 
0%   10   20   30   40   50   60   70   80   90   100%
|----|----|----|----|----|----|----|----|----|----|
***************************************************

mode |   affinity | dist from best mode
     | (kcal/mol) | rmsd l.b.| rmsd u.b.
-----+------------+----------+----------
   1       -8.036          0          0
   2       -7.729      3.358      6.905
   3       -7.716       2.46      5.617
   4       -7.705      2.616      7.264
   5       -7.652      2.501      6.289
   6       -7.646      2.925      5.855
   7       -7.526      1.216      1.755
   8       -7.426      2.942      6.749
   9       -7.406      2.313      5.949
